<?xml version="1.0" encoding="UTF-8"?>
<!-- Generated by org.testng.reporters.JUnitXMLReporter -->
<testsuite hostname="DESKTOP-0AG0V8V" ignored="3" name="Default test" tests="1" failures="0" timestamp="31 Jan 2020 12:14:54 GMT" time="18.312" errors="0">
  <testcase name="TC1" time="0.016" classname="com.ParallelTesting3.TestClass1"/>
  <testcase name="TC4" time="0.0" classname="com.ParallelTesting3.TestClass1">
    <ignored/>
  </testcase> <!-- TC4 -->
  <testcase name="TC2" time="0.0" classname="com.ParallelTesting3.TestClass1">
    <ignored/>
  </testcase> <!-- TC2 -->
  <testcase name="TC3" time="0.0" classname="com.ParallelTesting3.TestClass1">
    <ignored/>
  </testcase> <!-- TC3 -->
</testsuite> <!-- Default test -->
