<?xml version="1.0" encoding="UTF-8"?>
<!-- Generated by org.testng.reporters.JUnitXMLReporter -->
<testsuite hostname="DESKTOP-0AG0V8V" ignored="0" name="Test2" tests="4" failures="0" timestamp="31 Jan 2020 09:47:42 GMT" time="98.263" errors="0">
  <testcase name="TC1" time="0.052" classname="com.ParallelTesting3.TestClass2"/>
  <testcase name="TC2" time="0.324" classname="com.ParallelTesting3.TestClass2"/>
  <testcase name="TC3" time="0.112" classname="com.ParallelTesting3.TestClass2"/>
  <testcase name="TC4" time="0.579" classname="com.ParallelTesting3.TestClass2"/>
</testsuite> <!-- Test2 -->
