<?xml version="1.0" encoding="UTF-8"?>
<!-- Generated by org.testng.reporters.JUnitXMLReporter -->
<testsuite hostname="DESKTOP-0AG0V8V" ignored="0" name="Test" tests="6" failures="0" timestamp="16 Dec 2019 16:34:06 GMT" time="0.146" errors="0">
  <testcase name="firstTest" time="0.011" classname="com.TestNGGrouping.TestNGGroupingAndDependenciesMix"/>
  <testcase name="fifthTest" time="0.001" classname="com.TestNGGrouping.TestNGGroupingAndDependenciesMix"/>
  <testcase name="fourthTest" time="0.001" classname="com.TestNGGrouping.TestNGGroupingAndDependenciesMix"/>
  <testcase name="secondTest" time="0.014" classname="com.TestNGGrouping.TestNGGroupingAndDependenciesMix"/>
  <testcase name="sixthTest" time="0.003" classname="com.TestNGGrouping.TestNGGroupingAndDependenciesMix"/>
  <testcase name="thirdTest" time="0.001" classname="com.TestNGGrouping.TestNGGroupingAndDependenciesMix"/>
</testsuite> <!-- Test -->
