<?xml version="1.0" encoding="UTF-8"?>
<!-- Generated by org.testng.reporters.JUnitXMLReporter -->
<testsuite hostname="DESKTOP-0AG0V8V" ignored="0" name="Test" tests="4" failures="0" timestamp="24 Feb 2020 04:49:19 GMT" time="40.229" errors="0">
  <testcase name="TC1" time="0.048" classname="com.ParallelTesting3.TestClass1"/>
  <testcase name="TC3" time="0.048" classname="com.ParallelTesting3.TestClass1"/>
  <testcase name="TC2" time="0.019" classname="com.ParallelTesting3.TestClass1"/>
  <testcase name="TC4" time="0.02" classname="com.ParallelTesting3.TestClass1"/>
</testsuite> <!-- Test -->
