<?xml version="1.0" encoding="UTF-8"?>
<!-- Generated by org.testng.reporters.JUnitXMLReporter -->
<testsuite hostname="DESKTOP-0AG0V8V" ignored="0" name="Test1" tests="8" failures="0" timestamp="24 Feb 2020 04:52:50 GMT" time="0.099" errors="0">
  <testcase name="TC2" time="0.015" classname="com.ParallelTesting.TestClass1"/>
  <testcase name="TC1" time="0.015" classname="com.ParallelTesting.TestClass1"/>
  <testcase name="TC3" time="0.002" classname="com.ParallelTesting.TestClass1"/>
  <testcase name="TC1" time="0.004" classname="com.ParallelTesting.TestClass2"/>
  <testcase name="TC4" time="0.005" classname="com.ParallelTesting.TestClass1"/>
  <testcase name="TC2" time="0.003" classname="com.ParallelTesting.TestClass2"/>
  <testcase name="TC3" time="0.002" classname="com.ParallelTesting.TestClass2"/>
  <testcase name="TC4" time="0.003" classname="com.ParallelTesting.TestClass2"/>
</testsuite> <!-- Test1 -->
