<?xml version="1.0" encoding="UTF-8"?>
<!-- Generated by org.testng.reporters.JUnitXMLReporter -->
<testsuite hostname="DESKTOP-0AG0V8V" ignored="0" name="Test2" tests="4" failures="0" timestamp="29 Oct 2019 18:03:52 GMT" time="60.288" errors="0">
  <testcase name="TC1" time="5.025" classname="com.ParallelTesting3.TestClass2"/>
  <testcase name="TC2" time="0.031" classname="com.ParallelTesting3.TestClass2"/>
  <testcase name="TC4" time="1.42" classname="com.ParallelTesting3.TestClass2"/>
  <testcase name="TC3" time="0.08" classname="com.ParallelTesting3.TestClass2"/>
</testsuite> <!-- Test2 -->
