<?xml version="1.0" encoding="UTF-8"?>
<!-- Generated by org.testng.reporters.JUnitXMLReporter -->
<testsuite hostname="DESKTOP-0AG0V8V" ignored="0" name="Test4" tests="4" failures="0" timestamp="31 Jan 2020 09:47:42 GMT" time="97.144" errors="0">
  <testcase name="TC1" time="0.108" classname="com.ParallelTesting3.TestClass4"/>
  <testcase name="TC2" time="0.577" classname="com.ParallelTesting3.TestClass4"/>
  <testcase name="TC3" time="0.195" classname="com.ParallelTesting3.TestClass4"/>
  <testcase name="TC4" time="0.62" classname="com.ParallelTesting3.TestClass4"/>
</testsuite> <!-- Test4 -->
