<?xml version="1.0" encoding="UTF-8"?>
<!-- Generated by org.testng.reporters.JUnitXMLReporter -->
<testsuite hostname="DESKTOP-0AG0V8V" ignored="0" name="Test1" tests="4" failures="0" timestamp="29 Oct 2019 18:03:52 GMT" time="60.176" errors="0">
  <testcase name="TC1" time="7.257" classname="com.ParallelTesting3.TestClass1"/>
  <testcase name="TC2" time="0.065" classname="com.ParallelTesting3.TestClass1"/>
  <testcase name="TC4" time="1.729" classname="com.ParallelTesting3.TestClass1"/>
  <testcase name="TC3" time="0.024" classname="com.ParallelTesting3.TestClass1"/>
</testsuite> <!-- Test1 -->
