<?xml version="1.0" encoding="UTF-8"?>
<!-- Generated by org.testng.reporters.JUnitXMLReporter -->
<testsuite hostname="DESKTOP-0AG0V8V" ignored="0" name="Test" tests="9" failures="0" timestamp="28 Oct 2019 18:54:05 GMT" time="0.063" errors="0">
  <testcase name="M1TC1" time="0.0" classname="com.RunTestNGTestsInSequentialOrder.Module1"/>
  <testcase name="M1TC3" time="0.0" classname="com.RunTestNGTestsInSequentialOrder.Module1"/>
  <testcase name="M1TC2" time="0.0" classname="com.RunTestNGTestsInSequentialOrder.Module1"/>
  <testcase name="M2TC3" time="0.0" classname="com.RunTestNGTestsInSequentialOrder.Module2"/>
  <testcase name="M2TC2" time="0.016" classname="com.RunTestNGTestsInSequentialOrder.Module2"/>
  <testcase name="M2TC1" time="0.0" classname="com.RunTestNGTestsInSequentialOrder.Module2"/>
  <testcase name="M3TC1" time="0.0" classname="com.RunTestNGTestsInSequentialOrder.Module3"/>
  <testcase name="M3TC2" time="0.016" classname="com.RunTestNGTestsInSequentialOrder.Module3"/>
  <testcase name="M3TC3" time="0.0" classname="com.RunTestNGTestsInSequentialOrder.Module3"/>
</testsuite> <!-- Test -->
