<?xml version="1.0" encoding="UTF-8"?>
<!-- Generated by org.testng.reporters.JUnitXMLReporter -->
<testsuite hostname="DESKTOP-0AG0V8V" ignored="0" name="Test" tests="4" failures="0" timestamp="23 Feb 2020 16:47:13 GMT" time="46.268" errors="0">
  <testcase name="TC2" time="0.079" classname="com.ParallelTesting3.TestClass2"/>
  <testcase name="TC4" time="0.056" classname="com.ParallelTesting3.TestClass2"/>
  <testcase name="TC3" time="0.02" classname="com.ParallelTesting3.TestClass2"/>
  <testcase name="TC1" time="0.017" classname="com.ParallelTesting3.TestClass2"/>
</testsuite> <!-- Test -->
