<?xml version="1.0" encoding="UTF-8"?>
<testng-results skipped="0" failed="0" ignored="0" total="8" passed="8">
  <reporter-output>
  </reporter-output>
  <suite name="Suite" duration-ms="99" started-at="2020-02-24T04:52:50Z" finished-at="2020-02-24T04:52:50Z">
    <groups>
    </groups>
    <test name="Test1" duration-ms="99" started-at="2020-02-24T04:52:50Z" finished-at="2020-02-24T04:52:50Z">
      <class name="com.ParallelTesting.TestClass2">
        <test-method status="PASS" signature="TC1()[pri:0, instance:com.ParallelTesting.TestClass2@46d56d67]" name="TC1" duration-ms="4" started-at="2020-02-24T04:52:50Z" finished-at="2020-02-24T04:52:50Z">
          <reporter-output>
          </reporter-output>
        </test-method> <!-- TC1 -->
        <test-method status="PASS" signature="TC2()[pri:0, instance:com.ParallelTesting.TestClass2@46d56d67]" name="TC2" duration-ms="3" started-at="2020-02-24T04:52:50Z" finished-at="2020-02-24T04:52:50Z">
          <reporter-output>
          </reporter-output>
        </test-method> <!-- TC2 -->
        <test-method status="PASS" signature="TC3()[pri:0, instance:com.ParallelTesting.TestClass2@46d56d67]" name="TC3" duration-ms="2" started-at="2020-02-24T04:52:50Z" finished-at="2020-02-24T04:52:50Z">
          <reporter-output>
          </reporter-output>
        </test-method> <!-- TC3 -->
        <test-method status="PASS" signature="TC4()[pri:0, instance:com.ParallelTesting.TestClass2@46d56d67]" name="TC4" duration-ms="3" started-at="2020-02-24T04:52:50Z" finished-at="2020-02-24T04:52:50Z">
          <reporter-output>
          </reporter-output>
        </test-method> <!-- TC4 -->
      </class> <!-- com.ParallelTesting.TestClass2 -->
      <class name="com.ParallelTesting.TestClass1">
        <test-method status="PASS" signature="TC2()[pri:0, instance:com.ParallelTesting.TestClass1@14acaea5]" name="TC2" duration-ms="15" started-at="2020-02-24T04:52:50Z" finished-at="2020-02-24T04:52:50Z">
          <reporter-output>
          </reporter-output>
        </test-method> <!-- TC2 -->
        <test-method status="PASS" signature="TC1()[pri:0, instance:com.ParallelTesting.TestClass1@14acaea5]" name="TC1" duration-ms="15" started-at="2020-02-24T04:52:50Z" finished-at="2020-02-24T04:52:50Z">
          <reporter-output>
          </reporter-output>
        </test-method> <!-- TC1 -->
        <test-method status="PASS" signature="TC3()[pri:0, instance:com.ParallelTesting.TestClass1@14acaea5]" name="TC3" duration-ms="2" started-at="2020-02-24T04:52:50Z" finished-at="2020-02-24T04:52:50Z">
          <reporter-output>
          </reporter-output>
        </test-method> <!-- TC3 -->
        <test-method status="PASS" signature="TC4()[pri:0, instance:com.ParallelTesting.TestClass1@14acaea5]" name="TC4" duration-ms="5" started-at="2020-02-24T04:52:50Z" finished-at="2020-02-24T04:52:50Z">
          <reporter-output>
          </reporter-output>
        </test-method> <!-- TC4 -->
      </class> <!-- com.ParallelTesting.TestClass1 -->
    </test> <!-- Test1 -->
  </suite> <!-- Suite -->
</testng-results>
