<?xml version="1.0" encoding="UTF-8"?>
<!-- Generated by org.testng.reporters.JUnitXMLReporter -->
<testsuite hostname="DESKTOP-0AG0V8V" ignored="1" name="TestNG Annotations Test" tests="1" failures="0" timestamp="28 Oct 2019 13:54:08 GMT" time="10.448" errors="0">
  <testcase name="firstTest" time="0.864" classname="com.TestNGAnnotations.TestNGAnnotations"/>
  <testcase name="secondTest" time="0.0" classname="com.TestNGAnnotations.TestNGAnnotations">
    <ignored/>
  </testcase> <!-- secondTest -->
</testsuite> <!-- TestNG Annotations Test -->
